<?xml version="1.0" encoding="UTF-8"?>
<Site BuildName="(empty)"
	BuildStamp="20250509-1526-Experimental"
	Name="salva-laptop"
	Generator="ctest-3.28.3"
	CompilerName="/usr/bin/c++"
	CompilerVersion="13.3.0"
	OSName="Linux"
	Hostname="salva-laptop"
	OSRelease="6.11.0-24-generic"
	OSVersion="#24~24.04.1-Ubuntu SMP PREEMPT_DYNAMIC Tue Mar 25 20:14:34 UTC 2"
	OSPlatform="x86_64"
	Is64Bits="1"
	VendorString="GenuineIntel"
	VendorID="Intel Corporation"
	FamilyID="6"
	ModelID="142"
	ProcessorCacheSize="4096"
	NumberOfLogicalCPU="4"
	NumberOfPhysicalCPU="2"
	TotalVirtualMemory="4095"
	TotalPhysicalMemory="7825"
	LogicalProcessorsPerPhysical="2"
	ProcessorClockFrequency="2199.99"
	>
	<Testing>
		<StartDateTime>May 09 17:46 CEST</StartDateTime>
		<StartTestTime>1746805561</StartTestTime>
		<TestList/>
		<EndDateTime>May 09 17:46 CEST</EndDateTime>
		<EndTestTime>1746805561</EndTestTime>
		<ElapsedMinutes>0</ElapsedMinutes>
	</Testing>
</Site>
